{
  "RSpec": {
    "coverage": {
      "/Users/beatricecourage/Projects/FakersBnB/app.rb": [
        1,
        null,
        1,
        1,
        1,
        1,
        null,
        1,
        null,
        null,
        null,
        1,
        0,
        null,
        null,
        1,
        0,
        null,
        null,
        1,
        null,
        null,
        null,
        null,
        null,
        null,
        null,
        null,
        null,
        null,
        null,
        null,
        1,
        14,
        null,
        null,
        null,
        1,
        8,
        null,
        null,
        1,
        7,
        7,
        null,
        null,
        null,
        1,
        null,
        7,
        7,
        null,
        null,
        1,
        6,
        6,
        null,
        null,
        1,
        null,
        3,
        3,
        null,
        null,
        1,
        null
      ],
      "/Users/beatricecourage/Projects/FakersBnB/lib/user.rb": [
        1,
        null,
        1,
        1,
        null,
        1,
        1,
        1,
        null,
        null
      ],
      "/Users/beatricecourage/Projects/FakersBnB/lib/property.rb": [
        1,
        null,
        1,
        1,
        null,
        1,
        1,
        1,
        1,
        null,
        null
      ],
      "/Users/beatricecourage/Projects/FakersBnB/config/datamapper.rb": [
        1,
        1,
        1,
        null,
        1,
        1,
        1
      ],
      "/Users/beatricecourage/Projects/FakersBnB/spec/web_helpers.rb": [
        1,
        0,
        0,
        0,
        0,
        0,
        null,
        null,
        1,
        6,
        6,
        null,
        null,
        1,
        7,
        7,
        7,
        7,
        7,
        7,
        null
      ],
      "/Users/beatricecourage/Projects/FakersBnB/spec/features/FakersBnB_spec.rb": [
        null,
        null,
        null,
        null,
        null,
        null,
        null,
        null,
        null,
        null,
        null,
        null,
        null,
        null,
        null
      ],
      "/Users/beatricecourage/Projects/FakersBnB/spec/features/add_property_spec.rb": [
        1,
        null,
        1,
        null,
        null,
        null,
        null,
        null,
        1,
        1,
        1,
        1,
        1,
        null,
        null,
        null,
        1,
        1,
        null,
        1,
        1,
        1,
        1,
        1,
        null,
        null
      ],
      "/Users/beatricecourage/Projects/FakersBnB/spec/features/rent_property_spec.rb": [
        1,
        null,
        6,
        null,
        null,
        1,
        1,
        5,
        5,
        null,
        null,
        1,
        1,
        1,
        null,
        null,
        1,
        1,
        null,
        null,
        1,
        1,
        null,
        1,
        null,
        null,
        null,
        1,
        1,
        1,
        null,
        null,
        null,
        1,
        1,
        1,
        1,
        null,
        1,
        null,
        null,
        null,
        null,
        null,
        null,
        null
      ],
      "/Users/beatricecourage/Projects/FakersBnB/spec/units/property_spec.rb": [
        1,
        null,
        1,
        null,
        4,
        null,
        null,
        null,
        null,
        null,
        1,
        1,
        1,
        null,
        null,
        null,
        1,
        1,
        1,
        null,
        null,
        null,
        1,
        1,
        1,
        null,
        null,
        null
      ]
    },
    "timestamp": 1547211207
  }
}
